<?xml version="1.0" encoding="UTF-8"?>
<!-- Generated by org.testng.reporters.JUnitReportReporter -->
<testsuite hostname="DESKTOP-J2ES450" failures="0" tests="5" name="com.test.shopping.Checkout" time="242.460" errors="0" timestamp="2022-04-27T21:37:50 IST" skipped="0">
  <testcase classname="com.test.shopping.Checkout" name="validateDelete" time="50.831"/>
  <system-out/>
  <testcase classname="com.test.shopping.Checkout" name="validatePurchase" time="50.477"/>
  <system-out/>
  <testcase classname="com.test.shopping.Checkout" name="validateAdjustQuantity" time="25.911"/>
  <system-out/>
  <testcase classname="com.test.shopping.Checkout" name="validateSize" time="65.740"/>
  <system-out/>
  <testcase classname="com.test.shopping.Checkout" name="validatePromo" time="49.501"/>
  <system-out/>
</testsuite> <!-- com.test.shopping.Checkout -->
