<?xml version="1.0" encoding="UTF-8"?>
<!-- Generated by org.testng.reporters.JUnitReportReporter -->
<testsuite hostname="DESKTOP-J2ES450" failures="0" tests="1" name="com.test.sample.SampleTestNG123" time="17.946" errors="0" timestamp="2022-04-22T21:36:52 IST" skipped="0">
  <testcase classname="com.test.sample.SampleTestNG123" name="tC4" time="17.946"/>
  <system-out/>
</testsuite> <!-- com.test.sample.SampleTestNG123 -->
